Mensaje I / 00:00:00:000 / Root(00) para top(01)
Mensaje I / 00:00:00:000 / top(01) para auth(02)
Mensaje I / 00:00:00:000 / top(01) para cardreader(06)
Mensaje I / 00:00:00:000 / top(01) para cashdispenser(07)
Mensaje I / 00:00:00:000 / auth(02) para balancver(03)
Mensaje I / 00:00:00:000 / auth(02) para pinver(04)
Mensaje I / 00:00:00:000 / auth(02) para userface(05)
Mensaje D / 00:00:00:000 / cardreader(06) / ... para top(01)
Mensaje D / 00:00:00:000 / cashdispenser(07) / ... para top(01)
Mensaje D / 00:00:00:000 / balancver(03) / ... para auth(02)
Mensaje D / 00:00:00:000 / pinver(04) / ... para auth(02)
Mensaje D / 00:00:00:000 / userface(05) / ... para auth(02)
Mensaje D / 00:00:00:000 / auth(02) / ... para top(01)
Mensaje D / 00:00:00:000 / top(01) / ... para Root(00)
Mensaje X / 00:00:10:000 / Root(00) / in /      1.00000 para top(01)
Mensaje X / 00:00:10:000 / top(01) / card_in /      1.00000 para cardreader(06)
Mensaje D / 00:00:10:000 / cardreader(06) / 00:00:01:987 para top(01)
Mensaje D / 00:00:10:000 / top(01) / 00:00:01:987 para Root(00)
Mensaje * / 00:00:11:987 / Root(00) para top(01)
Mensaje * / 00:00:11:987 / top(01) para cardreader(06)
Mensaje Y / 00:00:11:987 / cardreader(06) / cardno_out /    697.00000 para top(01)
Mensaje D / 00:00:11:987 / cardreader(06) / ... para top(01)
Mensaje X / 00:00:11:987 / top(01) / in /    697.00000 para auth(02)
Mensaje X / 00:00:11:987 / auth(02) / cardno /    697.00000 para userface(05)
Mensaje D / 00:00:11:987 / userface(05) / 00:00:01:592 para auth(02)
Mensaje D / 00:00:11:987 / auth(02) / 00:00:01:592 para top(01)
Mensaje D / 00:00:11:987 / top(01) / 00:00:01:592 para Root(00)
Mensaje * / 00:00:13:579 / Root(00) para top(01)
Mensaje * / 00:00:13:579 / top(01) para auth(02)
Mensaje * / 00:00:13:579 / auth(02) para userface(05)
Mensaje Y / 00:00:13:579 / userface(05) / pin_out /    549.00000 para auth(02)
Mensaje D / 00:00:13:579 / userface(05) / ... para auth(02)
Mensaje X / 00:00:13:579 / auth(02) / pin_in /    549.00000 para pinver(04)
Mensaje D / 00:00:13:579 / pinver(04) / 00:00:01:915 para auth(02)
Mensaje D / 00:00:13:579 / auth(02) / 00:00:01:915 para top(01)
Mensaje D / 00:00:13:579 / top(01) / 00:00:01:915 para Root(00)
Mensaje * / 00:00:15:494 / Root(00) para top(01)
Mensaje * / 00:00:15:494 / top(01) para auth(02)
Mensaje * / 00:00:15:494 / auth(02) para pinver(04)
Mensaje Y / 00:00:15:494 / pinver(04) / get_amnt /      1.00000 para auth(02)
Mensaje D / 00:00:15:494 / pinver(04) / ... para auth(02)
Mensaje X / 00:00:15:494 / auth(02) / get_amnt /      1.00000 para userface(05)
Mensaje D / 00:00:15:494 / userface(05) / 00:00:04:070 para auth(02)
Mensaje D / 00:00:15:494 / auth(02) / 00:00:04:070 para top(01)
Mensaje D / 00:00:15:494 / top(01) / 00:00:04:070 para Root(00)
Mensaje * / 00:00:19:564 / Root(00) para top(01)
Mensaje * / 00:00:19:564 / top(01) para auth(02)
Mensaje * / 00:00:19:564 / auth(02) para userface(05)
Mensaje Y / 00:00:19:564 / userface(05) / amnt_out /    981.00000 para auth(02)
Mensaje D / 00:00:19:564 / userface(05) / ... para auth(02)
Mensaje X / 00:00:19:564 / auth(02) / amnt_in /    981.00000 para balancver(03)
Mensaje D / 00:00:19:564 / balancver(03) / 00:00:02:365 para auth(02)
Mensaje D / 00:00:19:564 / auth(02) / 00:00:02:365 para top(01)
Mensaje D / 00:00:19:564 / top(01) / 00:00:02:365 para Root(00)
Mensaje * / 00:00:21:929 / Root(00) para top(01)
Mensaje * / 00:00:21:929 / top(01) para auth(02)
Mensaje * / 00:00:21:929 / auth(02) para balancver(03)
Mensaje Y / 00:00:21:929 / balancver(03) / amnt_out /    981.00000 para auth(02)
Mensaje D / 00:00:21:929 / balancver(03) / ... para auth(02)
Mensaje Y / 00:00:21:929 / auth(02) / amnt_out /    981.00000 para top(01)
Mensaje D / 00:00:21:929 / auth(02) / ... para top(01)
Mensaje X / 00:00:21:929 / top(01) / eject /    981.00000 para cardreader(06)
Mensaje X / 00:00:21:929 / top(01) / in /    981.00000 para cashdispenser(07)
Mensaje D / 00:00:21:929 / cardreader(06) / 00:00:02:160 para top(01)
Mensaje D / 00:00:21:929 / cashdispenser(07) / 00:00:02:849 para top(01)
Mensaje D / 00:00:21:929 / top(01) / 00:00:02:160 para Root(00)
Mensaje * / 00:00:24:089 / Root(00) para top(01)
Mensaje * / 00:00:24:089 / top(01) para cardreader(06)
Mensaje Y / 00:00:24:089 / cardreader(06) / card_out /      1.00000 para top(01)
Mensaje D / 00:00:24:089 / cardreader(06) / ... para top(01)
Mensaje Y / 00:00:24:089 / top(01) / card_out /      1.00000 para Root(00)
Mensaje D / 00:00:24:089 / top(01) / 00:00:00:689 para Root(00)
Mensaje * / 00:00:24:778 / Root(00) para top(01)
Mensaje * / 00:00:24:778 / top(01) para cashdispenser(07)
Mensaje Y / 00:00:24:778 / cashdispenser(07) / out /    981.00000 para top(01)
Mensaje D / 00:00:24:778 / cashdispenser(07) / ... para top(01)
Mensaje Y / 00:00:24:778 / top(01) / cash_out /    981.00000 para Root(00)
Mensaje D / 00:00:24:778 / top(01) / ... para Root(00)
Mensaje X / 00:00:30:000 / Root(00) / in /      1.00000 para top(01)
Mensaje X / 00:00:30:000 / top(01) / card_in /      1.00000 para cardreader(06)
Mensaje D / 00:00:30:000 / cardreader(06) / 00:00:02:655 para top(01)
Mensaje D / 00:00:30:000 / top(01) / 00:00:02:655 para Root(00)
Mensaje * / 00:00:32:655 / Root(00) para top(01)
Mensaje * / 00:00:32:655 / top(01) para cardreader(06)
Mensaje Y / 00:00:32:655 / cardreader(06) / cardno_out /    868.00000 para top(01)
Mensaje D / 00:00:32:655 / cardreader(06) / ... para top(01)
Mensaje X / 00:00:32:655 / top(01) / in /    868.00000 para auth(02)
Mensaje X / 00:00:32:655 / auth(02) / cardno /    868.00000 para userface(05)
Mensaje D / 00:00:32:655 / userface(05) / 00:00:04:892 para auth(02)
Mensaje D / 00:00:32:655 / auth(02) / 00:00:04:892 para top(01)
Mensaje D / 00:00:32:655 / top(01) / 00:00:04:892 para Root(00)
Mensaje * / 00:00:37:547 / Root(00) para top(01)
Mensaje * / 00:00:37:547 / top(01) para auth(02)
Mensaje * / 00:00:37:547 / auth(02) para userface(05)
Mensaje Y / 00:00:37:547 / userface(05) / pin_out /    614.00000 para auth(02)
Mensaje D / 00:00:37:547 / userface(05) / ... para auth(02)
Mensaje X / 00:00:37:547 / auth(02) / pin_in /    614.00000 para pinver(04)
Mensaje D / 00:00:37:547 / pinver(04) / 00:00:03:661 para auth(02)
Mensaje D / 00:00:37:547 / auth(02) / 00:00:03:661 para top(01)
Mensaje D / 00:00:37:547 / top(01) / 00:00:03:661 para Root(00)
Mensaje * / 00:00:41:208 / Root(00) para top(01)
Mensaje * / 00:00:41:208 / top(01) para auth(02)
Mensaje * / 00:00:41:208 / auth(02) para pinver(04)
Mensaje Y / 00:00:41:208 / pinver(04) / get_amnt /      1.00000 para auth(02)
Mensaje D / 00:00:41:208 / pinver(04) / ... para auth(02)
Mensaje X / 00:00:41:208 / auth(02) / get_amnt /      1.00000 para userface(05)
Mensaje D / 00:00:41:208 / userface(05) / 00:00:02:801 para auth(02)
Mensaje D / 00:00:41:208 / auth(02) / 00:00:02:801 para top(01)
Mensaje D / 00:00:41:208 / top(01) / 00:00:02:801 para Root(00)
Mensaje * / 00:00:44:009 / Root(00) para top(01)
Mensaje * / 00:00:44:009 / top(01) para auth(02)
Mensaje * / 00:00:44:009 / auth(02) para userface(05)
Mensaje Y / 00:00:44:009 / userface(05) / amnt_out /    460.00000 para auth(02)
Mensaje D / 00:00:44:009 / userface(05) / ... para auth(02)
Mensaje X / 00:00:44:009 / auth(02) / amnt_in /    460.00000 para balancver(03)
Mensaje D / 00:00:44:009 / balancver(03) / 00:00:05:374 para auth(02)
Mensaje D / 00:00:44:009 / auth(02) / 00:00:05:374 para top(01)
Mensaje D / 00:00:44:009 / top(01) / 00:00:05:374 para Root(00)
Mensaje * / 00:00:49:383 / Root(00) para top(01)
Mensaje * / 00:00:49:383 / top(01) para auth(02)
Mensaje * / 00:00:49:383 / auth(02) para balancver(03)
Mensaje Y / 00:00:49:383 / balancver(03) / get_amnt_out /      1.00000 para auth(02)
Mensaje D / 00:00:49:383 / balancver(03) / ... para auth(02)
Mensaje X / 00:00:49:383 / auth(02) / get_amnt /      1.00000 para userface(05)
Mensaje D / 00:00:49:383 / userface(05) / 00:00:00:110 para auth(02)
Mensaje D / 00:00:49:383 / auth(02) / 00:00:00:110 para top(01)
Mensaje D / 00:00:49:383 / top(01) / 00:00:00:110 para Root(00)
Mensaje * / 00:00:49:493 / Root(00) para top(01)
Mensaje * / 00:00:49:493 / top(01) para auth(02)
Mensaje * / 00:00:49:493 / auth(02) para userface(05)
Mensaje Y / 00:00:49:493 / userface(05) / amnt_out /    487.00000 para auth(02)
Mensaje D / 00:00:49:493 / userface(05) / ... para auth(02)
Mensaje X / 00:00:49:493 / auth(02) / amnt_in /    487.00000 para balancver(03)
Mensaje D / 00:00:49:493 / balancver(03) / 00:00:05:356 para auth(02)
Mensaje D / 00:00:49:493 / auth(02) / 00:00:05:356 para top(01)
Mensaje D / 00:00:49:493 / top(01) / 00:00:05:356 para Root(00)
Mensaje * / 00:00:54:849 / Root(00) para top(01)
Mensaje * / 00:00:54:849 / top(01) para auth(02)
Mensaje * / 00:00:54:849 / auth(02) para balancver(03)
Mensaje Y / 00:00:54:849 / balancver(03) / get_amnt_out /      1.00000 para auth(02)
Mensaje D / 00:00:54:849 / balancver(03) / ... para auth(02)
Mensaje X / 00:00:54:849 / auth(02) / get_amnt /      1.00000 para userface(05)
Mensaje D / 00:00:54:849 / userface(05) / 00:00:05:359 para auth(02)
Mensaje D / 00:00:54:849 / auth(02) / 00:00:05:359 para top(01)
Mensaje D / 00:00:54:849 / top(01) / 00:00:05:359 para Root(00)
Mensaje * / 00:01:00:208 / Root(00) para top(01)
Mensaje * / 00:01:00:208 / top(01) para auth(02)
Mensaje * / 00:01:00:208 / auth(02) para userface(05)
Mensaje Y / 00:01:00:208 / userface(05) / amnt_out /    912.00000 para auth(02)
Mensaje D / 00:01:00:208 / userface(05) / ... para auth(02)
Mensaje X / 00:01:00:208 / auth(02) / amnt_in /    912.00000 para balancver(03)
Mensaje D / 00:01:00:208 / balancver(03) / 00:00:07:519 para auth(02)
Mensaje D / 00:01:00:208 / auth(02) / 00:00:07:519 para top(01)
Mensaje D / 00:01:00:208 / top(01) / 00:00:07:519 para Root(00)
Mensaje * / 00:01:07:727 / Root(00) para top(01)
Mensaje * / 00:01:07:727 / top(01) para auth(02)
Mensaje * / 00:01:07:727 / auth(02) para balancver(03)
Mensaje Y / 00:01:07:727 / balancver(03) / get_amnt_out /      1.00000 para auth(02)
Mensaje D / 00:01:07:727 / balancver(03) / ... para auth(02)
Mensaje X / 00:01:07:727 / auth(02) / get_amnt /      1.00000 para userface(05)
Mensaje D / 00:01:07:727 / userface(05) / 00:00:04:168 para auth(02)
Mensaje D / 00:01:07:727 / auth(02) / 00:00:04:168 para top(01)
Mensaje D / 00:01:07:727 / top(01) / 00:00:04:168 para Root(00)
Mensaje * / 00:01:11:895 / Root(00) para top(01)
Mensaje * / 00:01:11:895 / top(01) para auth(02)
Mensaje * / 00:01:11:895 / auth(02) para userface(05)
Mensaje Y / 00:01:11:895 / userface(05) / amnt_out /    527.00000 para auth(02)
Mensaje D / 00:01:11:895 / userface(05) / ... para auth(02)
Mensaje X / 00:01:11:895 / auth(02) / amnt_in /    527.00000 para balancver(03)
Mensaje D / 00:01:11:895 / balancver(03) / 00:00:03:066 para auth(02)
Mensaje D / 00:01:11:895 / auth(02) / 00:00:03:066 para top(01)
Mensaje D / 00:01:11:895 / top(01) / 00:00:03:066 para Root(00)
Mensaje * / 00:01:14:961 / Root(00) para top(01)
Mensaje * / 00:01:14:961 / top(01) para auth(02)
Mensaje * / 00:01:14:961 / auth(02) para balancver(03)
Mensaje Y / 00:01:14:961 / balancver(03) / amnt_out /    527.00000 para auth(02)
Mensaje D / 00:01:14:961 / balancver(03) / ... para auth(02)
Mensaje Y / 00:01:14:961 / auth(02) / amnt_out /    527.00000 para top(01)
Mensaje D / 00:01:14:961 / auth(02) / ... para top(01)
Mensaje X / 00:01:14:961 / top(01) / eject /    527.00000 para cardreader(06)
Mensaje X / 00:01:14:961 / top(01) / in /    527.00000 para cashdispenser(07)
Mensaje D / 00:01:14:961 / cardreader(06) / 00:00:00:704 para top(01)
Mensaje D / 00:01:14:961 / cashdispenser(07) / 00:00:01:419 para top(01)
Mensaje D / 00:01:14:961 / top(01) / 00:00:00:704 para Root(00)
Mensaje * / 00:01:15:665 / Root(00) para top(01)
Mensaje * / 00:01:15:665 / top(01) para cardreader(06)
Mensaje Y / 00:01:15:665 / cardreader(06) / card_out /      1.00000 para top(01)
Mensaje D / 00:01:15:665 / cardreader(06) / ... para top(01)
Mensaje Y / 00:01:15:665 / top(01) / card_out /      1.00000 para Root(00)
Mensaje D / 00:01:15:665 / top(01) / 00:00:00:715 para Root(00)
Mensaje * / 00:01:16:380 / Root(00) para top(01)
Mensaje * / 00:01:16:380 / top(01) para cashdispenser(07)
Mensaje Y / 00:01:16:380 / cashdispenser(07) / out /    527.00000 para top(01)
Mensaje D / 00:01:16:380 / cashdispenser(07) / ... para top(01)
Mensaje Y / 00:01:16:380 / top(01) / cash_out /    527.00000 para Root(00)
Mensaje D / 00:01:16:380 / top(01) / ... para Root(00)
