Mensaje I / 00:00:00:000 / Root(00) para top(01)
Mensaje I / 00:00:00:000 / top(01) para auth(02)
Mensaje I / 00:00:00:000 / top(01) para cardreader(06)
Mensaje I / 00:00:00:000 / top(01) para cashdispenser(07)
Mensaje I / 00:00:00:000 / auth(02) para balancver(03)
Mensaje I / 00:00:00:000 / auth(02) para pinver(04)
Mensaje I / 00:00:00:000 / auth(02) para userface(05)
Mensaje D / 00:00:00:000 / cardreader(06) / ... para top(01)
Mensaje D / 00:00:00:000 / cashdispenser(07) / ... para top(01)
Mensaje D / 00:00:00:000 / balancver(03) / ... para auth(02)
Mensaje D / 00:00:00:000 / pinver(04) / ... para auth(02)
Mensaje D / 00:00:00:000 / userface(05) / ... para auth(02)
Mensaje D / 00:00:00:000 / auth(02) / ... para top(01)
Mensaje D / 00:00:00:000 / top(01) / ... para Root(00)
Mensaje X / 00:00:10:000 / Root(00) / in /      1.00000 para top(01)
Mensaje X / 00:00:10:000 / top(01) / card_in /      1.00000 para cardreader(06)
Mensaje D / 00:00:10:000 / cardreader(06) / 00:00:01:987 para top(01)
Mensaje D / 00:00:10:000 / top(01) / 00:00:01:987 para Root(00)
Mensaje * / 00:00:11:987 / Root(00) para top(01)
Mensaje * / 00:00:11:987 / top(01) para cardreader(06)
Mensaje Y / 00:00:11:987 / cardreader(06) / cardno_out /    545.00000 para top(01)
Mensaje D / 00:00:11:987 / cardreader(06) / ... para top(01)
Mensaje X / 00:00:11:987 / top(01) / in /    545.00000 para auth(02)
Mensaje X / 00:00:11:987 / auth(02) / cardno /    545.00000 para userface(05)
Mensaje D / 00:00:11:987 / userface(05) / 00:00:01:592 para auth(02)
Mensaje D / 00:00:11:987 / auth(02) / 00:00:01:592 para top(01)
Mensaje D / 00:00:11:987 / top(01) / 00:00:01:592 para Root(00)
Mensaje * / 00:00:13:579 / Root(00) para top(01)
Mensaje * / 00:00:13:579 / top(01) para auth(02)
Mensaje * / 00:00:13:579 / auth(02) para userface(05)
Mensaje Y / 00:00:13:579 / userface(05) / pin_out /     87.00000 para auth(02)
Mensaje D / 00:00:13:579 / userface(05) / ... para auth(02)
Mensaje X / 00:00:13:579 / auth(02) / pin_in /     87.00000 para pinver(04)
Mensaje D / 00:00:13:579 / pinver(04) / 00:00:01:915 para auth(02)
Mensaje D / 00:00:13:579 / auth(02) / 00:00:01:915 para top(01)
Mensaje D / 00:00:13:579 / top(01) / 00:00:01:915 para Root(00)
Mensaje * / 00:00:15:494 / Root(00) para top(01)
Mensaje * / 00:00:15:494 / top(01) para auth(02)
Mensaje * / 00:00:15:494 / auth(02) para pinver(04)
Mensaje Y / 00:00:15:494 / pinver(04) / get_amnt /      1.00000 para auth(02)
Mensaje D / 00:00:15:494 / pinver(04) / ... para auth(02)
Mensaje X / 00:00:15:494 / auth(02) / get_amnt /      1.00000 para userface(05)
Mensaje D / 00:00:15:494 / userface(05) / 00:00:04:070 para auth(02)
Mensaje D / 00:00:15:494 / auth(02) / 00:00:04:070 para top(01)
Mensaje D / 00:00:15:494 / top(01) / 00:00:04:070 para Root(00)
Mensaje * / 00:00:19:564 / Root(00) para top(01)
Mensaje * / 00:00:19:564 / top(01) para auth(02)
Mensaje * / 00:00:19:564 / auth(02) para userface(05)
Mensaje Y / 00:00:19:564 / userface(05) / amnt_out /    942.00000 para auth(02)
Mensaje D / 00:00:19:564 / userface(05) / ... para auth(02)
Mensaje X / 00:00:19:564 / auth(02) / amnt_in /    942.00000 para balancver(03)
Mensaje D / 00:00:19:564 / balancver(03) / 00:00:02:365 para auth(02)
Mensaje D / 00:00:19:564 / auth(02) / 00:00:02:365 para top(01)
Mensaje D / 00:00:19:564 / top(01) / 00:00:02:365 para Root(00)
Mensaje * / 00:00:21:929 / Root(00) para top(01)
Mensaje * / 00:00:21:929 / top(01) para auth(02)
Mensaje * / 00:00:21:929 / auth(02) para balancver(03)
Mensaje Y / 00:00:21:929 / balancver(03) / amnt_out /    942.00000 para auth(02)
Mensaje D / 00:00:21:929 / balancver(03) / ... para auth(02)
Mensaje Y / 00:00:21:929 / auth(02) / amnt_out /    942.00000 para top(01)
Mensaje D / 00:00:21:929 / auth(02) / ... para top(01)
Mensaje X / 00:00:21:929 / top(01) / eject /    942.00000 para cardreader(06)
Mensaje X / 00:00:21:929 / top(01) / in /    942.00000 para cashdispenser(07)
Mensaje D / 00:00:21:929 / cardreader(06) / 00:00:02:160 para top(01)
Mensaje D / 00:00:21:929 / cashdispenser(07) / 00:00:02:849 para top(01)
Mensaje D / 00:00:21:929 / top(01) / 00:00:02:160 para Root(00)
Mensaje * / 00:00:24:089 / Root(00) para top(01)
Mensaje * / 00:00:24:089 / top(01) para cardreader(06)
Mensaje Y / 00:00:24:089 / cardreader(06) / card_out /      1.00000 para top(01)
Mensaje D / 00:00:24:089 / cardreader(06) / ... para top(01)
Mensaje Y / 00:00:24:089 / top(01) / card_out /      1.00000 para Root(00)
Mensaje D / 00:00:24:089 / top(01) / 00:00:00:689 para Root(00)
Mensaje * / 00:00:24:778 / Root(00) para top(01)
Mensaje * / 00:00:24:778 / top(01) para cashdispenser(07)
Mensaje Y / 00:00:24:778 / cashdispenser(07) / out /    942.00000 para top(01)
Mensaje D / 00:00:24:778 / cashdispenser(07) / ... para top(01)
Mensaje Y / 00:00:24:778 / top(01) / cash_out /    942.00000 para Root(00)
Mensaje D / 00:00:24:778 / top(01) / ... para Root(00)
Mensaje X / 00:00:30:000 / Root(00) / in /      1.00000 para top(01)
Mensaje X / 00:00:30:000 / top(01) / card_in /      1.00000 para cardreader(06)
Mensaje D / 00:00:30:000 / cardreader(06) / 00:00:02:655 para top(01)
Mensaje D / 00:00:30:000 / top(01) / 00:00:02:655 para Root(00)
Mensaje * / 00:00:32:655 / Root(00) para top(01)
Mensaje * / 00:00:32:655 / top(01) para cardreader(06)
Mensaje Y / 00:00:32:655 / cardreader(06) / cardno_out /    595.00000 para top(01)
Mensaje D / 00:00:32:655 / cardreader(06) / ... para top(01)
Mensaje X / 00:00:32:655 / top(01) / in /    595.00000 para auth(02)
Mensaje X / 00:00:32:655 / auth(02) / cardno /    595.00000 para userface(05)
Mensaje D / 00:00:32:655 / userface(05) / 00:00:04:892 para auth(02)
Mensaje D / 00:00:32:655 / auth(02) / 00:00:04:892 para top(01)
Mensaje D / 00:00:32:655 / top(01) / 00:00:04:892 para Root(00)
Mensaje X / 00:00:35:000 / Root(00) / in /      1.00000 para top(01)
Mensaje X / 00:00:35:000 / top(01) / card_in /      1.00000 para cardreader(06)
Mensaje D / 00:00:35:000 / cardreader(06) / ... para top(01)
Mensaje D / 00:00:35:000 / top(01) / 00:00:02:547 para Root(00)
Mensaje * / 00:00:37:547 / Root(00) para top(01)
Mensaje * / 00:00:37:547 / top(01) para auth(02)
Mensaje * / 00:00:37:547 / auth(02) para userface(05)
Mensaje Y / 00:00:37:547 / userface(05) / pin_out /    732.00000 para auth(02)
Mensaje D / 00:00:37:547 / userface(05) / ... para auth(02)
Mensaje X / 00:00:37:547 / auth(02) / pin_in /    732.00000 para pinver(04)
Mensaje D / 00:00:37:547 / pinver(04) / 00:00:03:661 para auth(02)
Mensaje D / 00:00:37:547 / auth(02) / 00:00:03:661 para top(01)
Mensaje D / 00:00:37:547 / top(01) / 00:00:03:661 para Root(00)
Mensaje * / 00:00:41:208 / Root(00) para top(01)
Mensaje * / 00:00:41:208 / top(01) para auth(02)
Mensaje * / 00:00:41:208 / auth(02) para pinver(04)
Mensaje Y / 00:00:41:208 / pinver(04) / get_amnt /      1.00000 para auth(02)
Mensaje D / 00:00:41:208 / pinver(04) / ... para auth(02)
Mensaje X / 00:00:41:208 / auth(02) / get_amnt /      1.00000 para userface(05)
Mensaje D / 00:00:41:208 / userface(05) / 00:00:02:801 para auth(02)
Mensaje D / 00:00:41:208 / auth(02) / 00:00:02:801 para top(01)
Mensaje D / 00:00:41:208 / top(01) / 00:00:02:801 para Root(00)
Mensaje * / 00:00:44:009 / Root(00) para top(01)
Mensaje * / 00:00:44:009 / top(01) para auth(02)
Mensaje * / 00:00:44:009 / auth(02) para userface(05)
Mensaje Y / 00:00:44:009 / userface(05) / amnt_out /    322.00000 para auth(02)
Mensaje D / 00:00:44:009 / userface(05) / ... para auth(02)
Mensaje X / 00:00:44:009 / auth(02) / amnt_in /    322.00000 para balancver(03)
Mensaje D / 00:00:44:009 / balancver(03) / 00:00:05:374 para auth(02)
Mensaje D / 00:00:44:009 / auth(02) / 00:00:05:374 para top(01)
Mensaje D / 00:00:44:009 / top(01) / 00:00:05:374 para Root(00)
Mensaje * / 00:00:49:383 / Root(00) para top(01)
Mensaje * / 00:00:49:383 / top(01) para auth(02)
Mensaje * / 00:00:49:383 / auth(02) para balancver(03)
Mensaje Y / 00:00:49:383 / balancver(03) / amnt_out /    322.00000 para auth(02)
Mensaje D / 00:00:49:383 / balancver(03) / ... para auth(02)
Mensaje Y / 00:00:49:383 / auth(02) / amnt_out /    322.00000 para top(01)
Mensaje D / 00:00:49:383 / auth(02) / ... para top(01)
Mensaje X / 00:00:49:383 / top(01) / eject /    322.00000 para cardreader(06)
Mensaje X / 00:00:49:383 / top(01) / in /    322.00000 para cashdispenser(07)
Mensaje D / 00:00:49:383 / cardreader(06) / 00:00:00:055 para top(01)
Mensaje D / 00:00:49:383 / cashdispenser(07) / 00:00:02:678 para top(01)
Mensaje D / 00:00:49:383 / top(01) / 00:00:00:055 para Root(00)
Mensaje * / 00:00:49:438 / Root(00) para top(01)
Mensaje * / 00:00:49:438 / top(01) para cardreader(06)
Mensaje Y / 00:00:49:438 / cardreader(06) / card_out /      1.00000 para top(01)
Mensaje D / 00:00:49:438 / cardreader(06) / ... para top(01)
Mensaje Y / 00:00:49:438 / top(01) / card_out /      1.00000 para Root(00)
Mensaje D / 00:00:49:438 / top(01) / 00:00:02:623 para Root(00)
Mensaje * / 00:00:52:061 / Root(00) para top(01)
Mensaje * / 00:00:52:061 / top(01) para cashdispenser(07)
Mensaje Y / 00:00:52:061 / cashdispenser(07) / out /    322.00000 para top(01)
Mensaje D / 00:00:52:061 / cashdispenser(07) / ... para top(01)
Mensaje Y / 00:00:52:061 / top(01) / cash_out /    322.00000 para Root(00)
Mensaje D / 00:00:52:061 / top(01) / ... para Root(00)
Mensaje X / 00:01:30:000 / Root(00) / in /      1.00000 para top(01)
Mensaje X / 00:01:30:000 / top(01) / card_in /      1.00000 para cardreader(06)
Mensaje D / 00:01:30:000 / cardreader(06) / 00:00:02:679 para top(01)
Mensaje D / 00:01:30:000 / top(01) / 00:00:02:679 para Root(00)
Mensaje * / 00:01:32:679 / Root(00) para top(01)
Mensaje * / 00:01:32:679 / top(01) para cardreader(06)
Mensaje Y / 00:01:32:679 / cardreader(06) / cardno_out /    849.00000 para top(01)
Mensaje D / 00:01:32:679 / cardreader(06) / ... para top(01)
Mensaje X / 00:01:32:679 / top(01) / in /    849.00000 para auth(02)
Mensaje X / 00:01:32:679 / auth(02) / cardno /    849.00000 para userface(05)
Mensaje D / 00:01:32:679 / userface(05) / 00:00:07:519 para auth(02)
Mensaje D / 00:01:32:679 / auth(02) / 00:00:07:519 para top(01)
Mensaje D / 00:01:32:679 / top(01) / 00:00:07:519 para Root(00)
Mensaje * / 00:01:40:198 / Root(00) para top(01)
Mensaje * / 00:01:40:198 / top(01) para auth(02)
Mensaje * / 00:01:40:198 / auth(02) para userface(05)
Mensaje Y / 00:01:40:198 / userface(05) / pin_out /    413.00000 para auth(02)
Mensaje D / 00:01:40:198 / userface(05) / ... para auth(02)
Mensaje X / 00:01:40:198 / auth(02) / pin_in /    413.00000 para pinver(04)
Mensaje D / 00:01:40:198 / pinver(04) / 00:00:04:168 para auth(02)
Mensaje D / 00:01:40:198 / auth(02) / 00:00:04:168 para top(01)
Mensaje D / 00:01:40:198 / top(01) / 00:00:04:168 para Root(00)
Mensaje * / 00:01:44:366 / Root(00) para top(01)
Mensaje * / 00:01:44:366 / top(01) para auth(02)
Mensaje * / 00:01:44:366 / auth(02) para pinver(04)
Mensaje Y / 00:01:44:366 / pinver(04) / get_amnt /      1.00000 para auth(02)
Mensaje D / 00:01:44:366 / pinver(04) / ... para auth(02)
Mensaje X / 00:01:44:366 / auth(02) / get_amnt /      1.00000 para userface(05)
Mensaje D / 00:01:44:366 / userface(05) / 00:00:03:066 para auth(02)
Mensaje D / 00:01:44:366 / auth(02) / 00:00:03:066 para top(01)
Mensaje D / 00:01:44:366 / top(01) / 00:00:03:066 para Root(00)
Mensaje * / 00:01:47:432 / Root(00) para top(01)
Mensaje * / 00:01:47:432 / top(01) para auth(02)
Mensaje * / 00:01:47:432 / auth(02) para userface(05)
Mensaje Y / 00:01:47:432 / userface(05) / amnt_out /    372.00000 para auth(02)
Mensaje D / 00:01:47:432 / userface(05) / ... para auth(02)
Mensaje X / 00:01:47:432 / auth(02) / amnt_in /    372.00000 para balancver(03)
Mensaje D / 00:01:47:432 / balancver(03) / 00:00:01:408 para auth(02)
Mensaje D / 00:01:47:432 / auth(02) / 00:00:01:408 para top(01)
Mensaje D / 00:01:47:432 / top(01) / 00:00:01:408 para Root(00)
Mensaje * / 00:01:48:840 / Root(00) para top(01)
Mensaje * / 00:01:48:840 / top(01) para auth(02)
Mensaje * / 00:01:48:840 / auth(02) para balancver(03)
Mensaje Y / 00:01:48:840 / balancver(03) / get_amnt_out /      1.00000 para auth(02)
Mensaje D / 00:01:48:840 / balancver(03) / ... para auth(02)
Mensaje X / 00:01:48:840 / auth(02) / get_amnt /      1.00000 para userface(05)
Mensaje D / 00:01:48:840 / userface(05) / 00:00:02:838 para auth(02)
Mensaje D / 00:01:48:840 / auth(02) / 00:00:02:838 para top(01)
Mensaje D / 00:01:48:840 / top(01) / 00:00:02:838 para Root(00)
Mensaje * / 00:01:51:678 / Root(00) para top(01)
Mensaje * / 00:01:51:678 / top(01) para auth(02)
Mensaje * / 00:01:51:678 / auth(02) para userface(05)
Mensaje Y / 00:01:51:678 / userface(05) / amnt_out /    197.00000 para auth(02)
Mensaje D / 00:01:51:678 / userface(05) / ... para auth(02)
Mensaje X / 00:01:51:678 / auth(02) / amnt_in /    197.00000 para balancver(03)
Mensaje D / 00:01:51:678 / balancver(03) / 00:00:04:453 para auth(02)
Mensaje D / 00:01:51:678 / auth(02) / 00:00:04:453 para top(01)
Mensaje D / 00:01:51:678 / top(01) / 00:00:04:453 para Root(00)
Mensaje * / 00:01:56:131 / Root(00) para top(01)
Mensaje * / 00:01:56:131 / top(01) para auth(02)
Mensaje * / 00:01:56:131 / auth(02) para balancver(03)
Mensaje Y / 00:01:56:131 / balancver(03) / get_amnt_out /      1.00000 para auth(02)
Mensaje D / 00:01:56:131 / balancver(03) / ... para auth(02)
Mensaje X / 00:01:56:131 / auth(02) / get_amnt /      1.00000 para userface(05)
Mensaje D / 00:01:56:131 / userface(05) / 00:00:07:736 para auth(02)
Mensaje D / 00:01:56:131 / auth(02) / 00:00:07:736 para top(01)
Mensaje D / 00:01:56:131 / top(01) / 00:00:07:736 para Root(00)
Mensaje * / 00:02:03:867 / Root(00) para top(01)
Mensaje * / 00:02:03:867 / top(01) para auth(02)
Mensaje * / 00:02:03:867 / auth(02) para userface(05)
Mensaje Y / 00:02:03:867 / userface(05) / amnt_out /    264.00000 para auth(02)
Mensaje D / 00:02:03:867 / userface(05) / ... para auth(02)
Mensaje X / 00:02:03:867 / auth(02) / amnt_in /    264.00000 para balancver(03)
Mensaje D / 00:02:03:867 / balancver(03) / 00:00:03:452 para auth(02)
Mensaje D / 00:02:03:867 / auth(02) / 00:00:03:452 para top(01)
Mensaje D / 00:02:03:867 / top(01) / 00:00:03:452 para Root(00)
Mensaje * / 00:02:07:319 / Root(00) para top(01)
Mensaje * / 00:02:07:319 / top(01) para auth(02)
Mensaje * / 00:02:07:319 / auth(02) para balancver(03)
Mensaje Y / 00:02:07:319 / balancver(03) / get_amnt_out /      1.00000 para auth(02)
Mensaje D / 00:02:07:319 / balancver(03) / ... para auth(02)
Mensaje X / 00:02:07:319 / auth(02) / get_amnt /      1.00000 para userface(05)
Mensaje D / 00:02:07:319 / userface(05) / 00:00:07:245 para auth(02)
Mensaje D / 00:02:07:319 / auth(02) / 00:00:07:245 para top(01)
Mensaje D / 00:02:07:319 / top(01) / 00:00:07:245 para Root(00)
Mensaje * / 00:02:14:564 / Root(00) para top(01)
Mensaje * / 00:02:14:564 / top(01) para auth(02)
Mensaje * / 00:02:14:564 / auth(02) para userface(05)
Mensaje Y / 00:02:14:564 / userface(05) / amnt_out /    628.00000 para auth(02)
Mensaje D / 00:02:14:564 / userface(05) / ... para auth(02)
Mensaje X / 00:02:14:564 / auth(02) / amnt_in /    628.00000 para balancver(03)
Mensaje D / 00:02:14:564 / balancver(03) / 00:00:02:765 para auth(02)
Mensaje D / 00:02:14:564 / auth(02) / 00:00:02:765 para top(01)
Mensaje D / 00:02:14:564 / top(01) / 00:00:02:765 para Root(00)
Mensaje * / 00:02:17:329 / Root(00) para top(01)
Mensaje * / 00:02:17:329 / top(01) para auth(02)
Mensaje * / 00:02:17:329 / auth(02) para balancver(03)
Mensaje Y / 00:02:17:329 / balancver(03) / amnt_out /    628.00000 para auth(02)
Mensaje D / 00:02:17:329 / balancver(03) / ... para auth(02)
Mensaje Y / 00:02:17:329 / auth(02) / amnt_out /    628.00000 para top(01)
Mensaje D / 00:02:17:329 / auth(02) / ... para top(01)
Mensaje X / 00:02:17:329 / top(01) / eject /    628.00000 para cardreader(06)
Mensaje X / 00:02:17:329 / top(01) / in /    628.00000 para cashdispenser(07)
Mensaje D / 00:02:17:329 / cardreader(06) / 00:00:02:112 para top(01)
Mensaje D / 00:02:17:329 / cashdispenser(07) / 00:00:01:837 para top(01)
Mensaje D / 00:02:17:329 / top(01) / 00:00:01:837 para Root(00)
Mensaje * / 00:02:19:166 / Root(00) para top(01)
Mensaje * / 00:02:19:166 / top(01) para cashdispenser(07)
Mensaje Y / 00:02:19:166 / cashdispenser(07) / out /    628.00000 para top(01)
Mensaje D / 00:02:19:166 / cashdispenser(07) / ... para top(01)
Mensaje Y / 00:02:19:166 / top(01) / cash_out /    628.00000 para Root(00)
Mensaje D / 00:02:19:166 / top(01) / 00:00:00:275 para Root(00)
Mensaje * / 00:02:19:441 / Root(00) para top(01)
Mensaje * / 00:02:19:441 / top(01) para cardreader(06)
Mensaje Y / 00:02:19:441 / cardreader(06) / card_out /      1.00000 para top(01)
Mensaje D / 00:02:19:441 / cardreader(06) / ... para top(01)
Mensaje Y / 00:02:19:441 / top(01) / card_out /      1.00000 para Root(00)
Mensaje D / 00:02:19:441 / top(01) / ... para Root(00)
