Mensaje I / 00:00:00:000 / Root(00) para top(01)
Mensaje I / 00:00:00:000 / top(01) para balancver(02)
Mensaje I / 00:00:00:000 / top(01) para pinver(03)
Mensaje I / 00:00:00:000 / top(01) para userface(04)
Mensaje D / 00:00:00:000 / balancver(02) / ... para top(01)
Mensaje D / 00:00:00:000 / pinver(03) / ... para top(01)
Mensaje D / 00:00:00:000 / userface(04) / ... para top(01)
Mensaje D / 00:00:00:000 / top(01) / ... para Root(00)
Mensaje X / 00:00:10:000 / Root(00) / in /    123.00000 para top(01)
Mensaje X / 00:00:10:000 / top(01) / cardno /    123.00000 para userface(04)
Mensaje D / 00:00:10:000 / userface(04) / 00:00:03:975 para top(01)
Mensaje D / 00:00:10:000 / top(01) / 00:00:03:975 para Root(00)
Mensaje * / 00:00:13:975 / Root(00) para top(01)
Mensaje * / 00:00:13:975 / top(01) para userface(04)
Mensaje Y / 00:00:13:975 / userface(04) / pin_out /    595.00000 para top(01)
Mensaje D / 00:00:13:975 / userface(04) / ... para top(01)
Mensaje X / 00:00:13:975 / top(01) / pin_in /    595.00000 para pinver(03)
Mensaje D / 00:00:13:975 / pinver(03) / 00:00:01:592 para top(01)
Mensaje D / 00:00:13:975 / top(01) / 00:00:01:592 para Root(00)
Mensaje * / 00:00:15:567 / Root(00) para top(01)
Mensaje * / 00:00:15:567 / top(01) para pinver(03)
Mensaje Y / 00:00:15:567 / pinver(03) / get_pin /      1.00000 para top(01)
Mensaje D / 00:00:15:567 / pinver(03) / ... para top(01)
Mensaje X / 00:00:15:567 / top(01) / get_pin /      1.00000 para userface(04)
Mensaje D / 00:00:15:567 / userface(04) / 00:00:01:915 para top(01)
Mensaje D / 00:00:15:567 / top(01) / 00:00:01:915 para Root(00)
Mensaje * / 00:00:17:482 / Root(00) para top(01)
Mensaje * / 00:00:17:482 / top(01) para userface(04)
Mensaje Y / 00:00:17:482 / userface(04) / pin_out /    374.00000 para top(01)
Mensaje D / 00:00:17:482 / userface(04) / ... para top(01)
Mensaje X / 00:00:17:482 / top(01) / pin_in /    374.00000 para pinver(03)
Mensaje D / 00:00:17:482 / pinver(03) / 00:00:04:070 para top(01)
Mensaje D / 00:00:17:482 / top(01) / 00:00:04:070 para Root(00)
Mensaje * / 00:00:21:552 / Root(00) para top(01)
Mensaje * / 00:00:21:552 / top(01) para pinver(03)
Mensaje Y / 00:00:21:552 / pinver(03) / get_amnt /      1.00000 para top(01)
Mensaje D / 00:00:21:552 / pinver(03) / ... para top(01)
Mensaje X / 00:00:21:552 / top(01) / get_amnt /      1.00000 para userface(04)
Mensaje D / 00:00:21:552 / userface(04) / 00:00:02:365 para top(01)
Mensaje D / 00:00:21:552 / top(01) / 00:00:02:365 para Root(00)
Mensaje * / 00:00:23:917 / Root(00) para top(01)
Mensaje * / 00:00:23:917 / top(01) para userface(04)
Mensaje Y / 00:00:23:917 / userface(04) / amnt_out /    751.00000 para top(01)
Mensaje D / 00:00:23:917 / userface(04) / ... para top(01)
Mensaje X / 00:00:23:917 / top(01) / amnt_in /    751.00000 para balancver(02)
Mensaje D / 00:00:23:917 / balancver(02) / 00:00:04:321 para top(01)
Mensaje D / 00:00:23:917 / top(01) / 00:00:04:321 para Root(00)
Mensaje * / 00:00:28:238 / Root(00) para top(01)
Mensaje * / 00:00:28:238 / top(01) para balancver(02)
Mensaje Y / 00:00:28:238 / balancver(02) / amnt_out /    751.00000 para top(01)
Mensaje D / 00:00:28:238 / balancver(02) / ... para top(01)
Mensaje Y / 00:00:28:238 / top(01) / amnt_out /    751.00000 para Root(00)
Mensaje D / 00:00:28:238 / top(01) / ... para Root(00)
Mensaje X / 00:00:30:000 / Root(00) / in /    165.00000 para top(01)
Mensaje X / 00:00:30:000 / top(01) / cardno /    165.00000 para userface(04)
Mensaje D / 00:00:30:000 / userface(04) / 00:00:05:699 para top(01)
Mensaje D / 00:00:30:000 / top(01) / 00:00:05:699 para Root(00)
Mensaje * / 00:00:35:699 / Root(00) para top(01)
Mensaje * / 00:00:35:699 / top(01) para userface(04)
Mensaje Y / 00:00:35:699 / userface(04) / pin_out /    244.00000 para top(01)
Mensaje D / 00:00:35:699 / userface(04) / ... para top(01)
Mensaje X / 00:00:35:699 / top(01) / pin_in /    244.00000 para pinver(03)
Mensaje D / 00:00:35:699 / pinver(03) / 00:00:05:310 para top(01)
Mensaje D / 00:00:35:699 / top(01) / 00:00:05:310 para Root(00)
Mensaje * / 00:00:41:009 / Root(00) para top(01)
Mensaje * / 00:00:41:009 / top(01) para pinver(03)
Mensaje Y / 00:00:41:009 / pinver(03) / get_amnt /      1.00000 para top(01)
Mensaje D / 00:00:41:009 / pinver(03) / ... para top(01)
Mensaje X / 00:00:41:009 / top(01) / get_amnt /      1.00000 para userface(04)
Mensaje D / 00:00:41:009 / userface(04) / 00:00:04:892 para top(01)
Mensaje D / 00:00:41:009 / top(01) / 00:00:04:892 para Root(00)
Mensaje * / 00:00:45:901 / Root(00) para top(01)
Mensaje * / 00:00:45:901 / top(01) para userface(04)
Mensaje Y / 00:00:45:901 / userface(04) / amnt_out /    494.00000 para top(01)
Mensaje D / 00:00:45:901 / userface(04) / ... para top(01)
Mensaje X / 00:00:45:901 / top(01) / amnt_in /    494.00000 para balancver(02)
Mensaje D / 00:00:45:901 / balancver(02) / 00:00:03:661 para top(01)
Mensaje D / 00:00:45:901 / top(01) / 00:00:03:661 para Root(00)
Mensaje * / 00:00:49:562 / Root(00) para top(01)
Mensaje * / 00:00:49:562 / top(01) para balancver(02)
Mensaje Y / 00:00:49:562 / balancver(02) / get_amnt_out /      1.00000 para top(01)
Mensaje D / 00:00:49:562 / balancver(02) / ... para top(01)
Mensaje X / 00:00:49:562 / top(01) / get_amnt /      1.00000 para userface(04)
Mensaje D / 00:00:49:562 / userface(04) / 00:00:02:801 para top(01)
Mensaje D / 00:00:49:562 / top(01) / 00:00:02:801 para Root(00)
Mensaje * / 00:00:52:363 / Root(00) para top(01)
Mensaje * / 00:00:52:363 / top(01) para userface(04)
Mensaje Y / 00:00:52:363 / userface(04) / amnt_out /    866.00000 para top(01)
Mensaje D / 00:00:52:363 / userface(04) / ... para top(01)
Mensaje X / 00:00:52:363 / top(01) / amnt_in /    866.00000 para balancver(02)
Mensaje D / 00:00:52:363 / balancver(02) / 00:00:05:374 para top(01)
Mensaje D / 00:00:52:363 / top(01) / 00:00:05:374 para Root(00)
Mensaje * / 00:00:57:737 / Root(00) para top(01)
Mensaje * / 00:00:57:737 / top(01) para balancver(02)
Mensaje Y / 00:00:57:737 / balancver(02) / amnt_out /    866.00000 para top(01)
Mensaje D / 00:00:57:737 / balancver(02) / ... para top(01)
Mensaje Y / 00:00:57:737 / top(01) / amnt_out /    866.00000 para Root(00)
Mensaje D / 00:00:57:737 / top(01) / ... para Root(00)
