Mensaje I / 00:00:00:000 / Root(00) para top(01)
Mensaje I / 00:00:00:000 / top(01) para cashdisp(02)
Mensaje D / 00:00:00:000 / cashdisp(02) / ... para top(01)
Mensaje D / 00:00:00:000 / top(01) / ... para Root(00)
Mensaje X / 00:00:10:000 / Root(00) / in /    200.00000 para top(01)
Mensaje X / 00:00:10:000 / top(01) / in /    200.00000 para cashdisp(02)
Mensaje D / 00:00:10:000 / cashdisp(02) / 00:00:01:987 para top(01)
Mensaje D / 00:00:10:000 / top(01) / 00:00:01:987 para Root(00)
Mensaje * / 00:00:11:987 / Root(00) para top(01)
Mensaje * / 00:00:11:987 / top(01) para cashdisp(02)
Mensaje Y / 00:00:11:987 / cashdisp(02) / out /    200.00000 para top(01)
Mensaje D / 00:00:11:987 / cashdisp(02) / ... para top(01)
Mensaje Y / 00:00:11:987 / top(01) / out /    200.00000 para Root(00)
Mensaje D / 00:00:11:987 / top(01) / ... para Root(00)
Mensaje X / 00:00:30:000 / Root(00) / in /      3.00000 para top(01)
Mensaje X / 00:00:30:000 / top(01) / in /      3.00000 para cashdisp(02)
Mensaje D / 00:00:30:000 / cashdisp(02) / 00:00:00:796 para top(01)
Mensaje D / 00:00:30:000 / top(01) / 00:00:00:796 para Root(00)
Mensaje * / 00:00:30:796 / Root(00) para top(01)
Mensaje * / 00:00:30:796 / top(01) para cashdisp(02)
Mensaje Y / 00:00:30:796 / cashdisp(02) / out /      3.00000 para top(01)
Mensaje D / 00:00:30:796 / cashdisp(02) / ... para top(01)
Mensaje Y / 00:00:30:796 / top(01) / out /      3.00000 para Root(00)
Mensaje D / 00:00:30:796 / top(01) / ... para Root(00)
Mensaje X / 00:00:50:000 / Root(00) / in /    256.00000 para top(01)
Mensaje X / 00:00:50:000 / top(01) / in /    256.00000 para cashdisp(02)
Mensaje D / 00:00:50:000 / cashdisp(02) / 00:00:00:957 para top(01)
Mensaje D / 00:00:50:000 / top(01) / 00:00:00:957 para Root(00)
Mensaje * / 00:00:50:957 / Root(00) para top(01)
Mensaje * / 00:00:50:957 / top(01) para cashdisp(02)
Mensaje Y / 00:00:50:957 / cashdisp(02) / out /    256.00000 para top(01)
Mensaje D / 00:00:50:957 / cashdisp(02) / ... para top(01)
Mensaje Y / 00:00:50:957 / top(01) / out /    256.00000 para Root(00)
Mensaje D / 00:00:50:957 / top(01) / ... para Root(00)
