Mensaje I / 00:00:00:000 / Root(00) para top(01)
Mensaje I / 00:00:00:000 / top(01) para cardreader(02)
Mensaje D / 00:00:00:000 / cardreader(02) / ... para top(01)
Mensaje D / 00:00:00:000 / top(01) / ... para Root(00)
Mensaje X / 00:00:10:000 / Root(00) / card_in /      1.00000 para top(01)
Mensaje X / 00:00:10:000 / top(01) / card_in /      1.00000 para cardreader(02)
Mensaje D / 00:00:10:000 / cardreader(02) / 00:00:01:987 para top(01)
Mensaje D / 00:00:10:000 / top(01) / 00:00:01:987 para Root(00)
Mensaje * / 00:00:11:987 / Root(00) para top(01)
Mensaje * / 00:00:11:987 / top(01) para cardreader(02)
Mensaje Y / 00:00:11:987 / cardreader(02) / cardno_out /    101.00000 para top(01)
Mensaje D / 00:00:11:987 / cardreader(02) / ... para top(01)
Mensaje Y / 00:00:11:987 / top(01) / cardno_out /    101.00000 para Root(00)
Mensaje D / 00:00:11:987 / top(01) / ... para Root(00)
Mensaje X / 00:00:30:000 / Root(00) / card_in /      1.00000 para top(01)
Mensaje X / 00:00:30:000 / top(01) / card_in /      1.00000 para cardreader(02)
Mensaje D / 00:00:30:000 / cardreader(02) / ... para top(01)
Mensaje D / 00:00:30:000 / top(01) / ... para Root(00)
Mensaje X / 00:00:50:000 / Root(00) / eject /      1.00000 para top(01)
Mensaje X / 00:00:50:000 / top(01) / eject /      1.00000 para cardreader(02)
Mensaje D / 00:00:50:000 / cardreader(02) / 00:00:00:796 para top(01)
Mensaje D / 00:00:50:000 / top(01) / 00:00:00:796 para Root(00)
Mensaje * / 00:00:50:796 / Root(00) para top(01)
Mensaje * / 00:00:50:796 / top(01) para cardreader(02)
Mensaje Y / 00:00:50:796 / cardreader(02) / card_out /      1.00000 para top(01)
Mensaje D / 00:00:50:796 / cardreader(02) / ... para top(01)
Mensaje Y / 00:00:50:796 / top(01) / card_out /      1.00000 para Root(00)
Mensaje D / 00:00:50:796 / top(01) / ... para Root(00)
Mensaje X / 00:01:10:000 / Root(00) / eject /      1.00000 para top(01)
Mensaje X / 00:01:10:000 / top(01) / eject /      1.00000 para cardreader(02)
Mensaje D / 00:01:10:000 / cardreader(02) / ... para top(01)
Mensaje D / 00:01:10:000 / top(01) / ... para Root(00)
Mensaje X / 00:01:20:000 / Root(00) / eject /      1.00000 para top(01)
Mensaje X / 00:01:20:000 / top(01) / eject /      1.00000 para cardreader(02)
Mensaje D / 00:01:20:000 / cardreader(02) / ... para top(01)
Mensaje D / 00:01:20:000 / top(01) / ... para Root(00)
Mensaje X / 00:01:30:000 / Root(00) / card_in /      1.00000 para top(01)
Mensaje X / 00:01:30:000 / top(01) / card_in /      1.00000 para cardreader(02)
Mensaje D / 00:01:30:000 / cardreader(02) / 00:00:00:957 para top(01)
Mensaje D / 00:01:30:000 / top(01) / 00:00:00:957 para Root(00)
Mensaje * / 00:01:30:957 / Root(00) para top(01)
Mensaje * / 00:01:30:957 / top(01) para cardreader(02)
Mensaje Y / 00:01:30:957 / cardreader(02) / cardno_out /    578.00000 para top(01)
Mensaje D / 00:01:30:957 / cardreader(02) / ... para top(01)
Mensaje Y / 00:01:30:957 / top(01) / cardno_out /    578.00000 para Root(00)
Mensaje D / 00:01:30:957 / top(01) / ... para Root(00)
Mensaje X / 00:01:40:000 / Root(00) / eject /      1.00000 para top(01)
Mensaje X / 00:01:40:000 / top(01) / eject /      1.00000 para cardreader(02)
Mensaje D / 00:01:40:000 / cardreader(02) / 00:00:02:035 para top(01)
Mensaje D / 00:01:40:000 / top(01) / 00:00:02:035 para Root(00)
Mensaje * / 00:01:42:035 / Root(00) para top(01)
Mensaje * / 00:01:42:035 / top(01) para cardreader(02)
Mensaje Y / 00:01:42:035 / cardreader(02) / card_out /      1.00000 para top(01)
Mensaje D / 00:01:42:035 / cardreader(02) / ... para top(01)
Mensaje Y / 00:01:42:035 / top(01) / card_out /      1.00000 para Root(00)
Mensaje D / 00:01:42:035 / top(01) / ... para Root(00)
