Mensaje I / 00:00:00:000 / Root(00) para top(01)
Mensaje I / 00:00:00:000 / top(01) para userface(02)
Mensaje D / 00:00:00:000 / userface(02) / ... para top(01)
Mensaje D / 00:00:00:000 / top(01) / ... para Root(00)
Mensaje X / 00:00:10:000 / Root(00) / get_pin /      1.00000 para top(01)
Mensaje X / 00:00:10:000 / top(01) / get_pin /      1.00000 para userface(02)
Mensaje D / 00:00:10:000 / userface(02) / 00:00:03:975 para top(01)
Mensaje D / 00:00:10:000 / top(01) / 00:00:03:975 para Root(00)
Mensaje * / 00:00:13:975 / Root(00) para top(01)
Mensaje * / 00:00:13:975 / top(01) para userface(02)
Mensaje Y / 00:00:13:975 / userface(02) / pin_out /    849.00000 para top(01)
Mensaje D / 00:00:13:975 / userface(02) / ... para top(01)
Mensaje Y / 00:00:13:975 / top(01) / pin_out /    849.00000 para Root(00)
Mensaje D / 00:00:13:975 / top(01) / ... para Root(00)
Mensaje X / 00:00:30:000 / Root(00) / get_pin /      1.00000 para top(01)
Mensaje X / 00:00:30:000 / top(01) / get_pin /      1.00000 para userface(02)
Mensaje D / 00:00:30:000 / userface(02) / 00:00:01:592 para top(01)
Mensaje D / 00:00:30:000 / top(01) / 00:00:01:592 para Root(00)
Mensaje * / 00:00:31:592 / Root(00) para top(01)
Mensaje * / 00:00:31:592 / top(01) para userface(02)
Mensaje Y / 00:00:31:592 / userface(02) / pin_out /    439.00000 para top(01)
Mensaje D / 00:00:31:592 / userface(02) / ... para top(01)
Mensaje Y / 00:00:31:592 / top(01) / pin_out /    439.00000 para Root(00)
Mensaje D / 00:00:31:592 / top(01) / ... para Root(00)
Mensaje X / 00:00:50:000 / Root(00) / get_amnt /      1.00000 para top(01)
Mensaje X / 00:00:50:000 / top(01) / get_amnt /      1.00000 para userface(02)
Mensaje D / 00:00:50:000 / userface(02) / 00:00:01:915 para top(01)
Mensaje D / 00:00:50:000 / top(01) / 00:00:01:915 para Root(00)
Mensaje * / 00:00:51:915 / Root(00) para top(01)
Mensaje * / 00:00:51:915 / top(01) para userface(02)
Mensaje Y / 00:00:51:915 / userface(02) / amnt_out /    641.00000 para top(01)
Mensaje D / 00:00:51:915 / userface(02) / ... para top(01)
Mensaje Y / 00:00:51:915 / top(01) / amnt_out /    641.00000 para Root(00)
Mensaje D / 00:00:51:915 / top(01) / ... para Root(00)
Mensaje X / 00:01:10:000 / Root(00) / get_pin /      1.00000 para top(01)
Mensaje X / 00:01:10:000 / top(01) / get_pin /      1.00000 para userface(02)
Mensaje D / 00:01:10:000 / userface(02) / 00:00:04:070 para top(01)
Mensaje D / 00:01:10:000 / top(01) / 00:00:04:070 para Root(00)
Mensaje * / 00:01:14:070 / Root(00) para top(01)
Mensaje * / 00:01:14:070 / top(01) para userface(02)
Mensaje Y / 00:01:14:070 / userface(02) / pin_out /    802.00000 para top(01)
Mensaje D / 00:01:14:070 / userface(02) / ... para top(01)
Mensaje Y / 00:01:14:070 / top(01) / pin_out /    802.00000 para Root(00)
Mensaje D / 00:01:14:070 / top(01) / ... para Root(00)
Mensaje X / 00:01:20:000 / Root(00) / get_amnt /      1.00000 para top(01)
Mensaje X / 00:01:20:000 / top(01) / get_amnt /      1.00000 para userface(02)
Mensaje D / 00:01:20:000 / userface(02) / 00:00:02:365 para top(01)
Mensaje D / 00:01:20:000 / top(01) / 00:00:02:365 para Root(00)
Mensaje * / 00:01:22:365 / Root(00) para top(01)
Mensaje * / 00:01:22:365 / top(01) para userface(02)
Mensaje Y / 00:01:22:365 / userface(02) / amnt_out /    514.00000 para top(01)
Mensaje D / 00:01:22:365 / userface(02) / ... para top(01)
Mensaje Y / 00:01:22:365 / top(01) / amnt_out /    514.00000 para Root(00)
Mensaje D / 00:01:22:365 / top(01) / ... para Root(00)
Mensaje X / 00:01:30:000 / Root(00) / get_amnt /      1.00000 para top(01)
Mensaje X / 00:01:30:000 / top(01) / get_amnt /      1.00000 para userface(02)
Mensaje D / 00:01:30:000 / userface(02) / 00:00:04:321 para top(01)
Mensaje D / 00:01:30:000 / top(01) / 00:00:04:321 para Root(00)
Mensaje * / 00:01:34:321 / Root(00) para top(01)
Mensaje * / 00:01:34:321 / top(01) para userface(02)
Mensaje Y / 00:01:34:321 / userface(02) / amnt_out /    846.00000 para top(01)
Mensaje D / 00:01:34:321 / userface(02) / ... para top(01)
Mensaje Y / 00:01:34:321 / top(01) / amnt_out /    846.00000 para Root(00)
Mensaje D / 00:01:34:321 / top(01) / ... para Root(00)
Mensaje X / 00:01:40:000 / Root(00) / get_pin /      1.00000 para top(01)
Mensaje X / 00:01:40:000 / top(01) / get_pin /      1.00000 para userface(02)
Mensaje D / 00:01:40:000 / userface(02) / 00:00:05:699 para top(01)
Mensaje D / 00:01:40:000 / top(01) / 00:00:05:699 para Root(00)
Mensaje * / 00:01:45:699 / Root(00) para top(01)
Mensaje * / 00:01:45:699 / top(01) para userface(02)
Mensaje Y / 00:01:45:699 / userface(02) / pin_out /    964.00000 para top(01)
Mensaje D / 00:01:45:699 / userface(02) / ... para top(01)
Mensaje Y / 00:01:45:699 / top(01) / pin_out /    964.00000 para Root(00)
Mensaje D / 00:01:45:699 / top(01) / ... para Root(00)
Mensaje X / 00:02:00:000 / Root(00) / cardno /    123.00000 para top(01)
Mensaje X / 00:02:00:000 / top(01) / cardno /    123.00000 para userface(02)
Mensaje D / 00:02:00:000 / userface(02) / 00:00:05:310 para top(01)
Mensaje D / 00:02:00:000 / top(01) / 00:00:05:310 para Root(00)
Mensaje * / 00:02:05:310 / Root(00) para top(01)
Mensaje * / 00:02:05:310 / top(01) para userface(02)
Mensaje Y / 00:02:05:310 / userface(02) / pin_out /    288.00000 para top(01)
Mensaje D / 00:02:05:310 / userface(02) / ... para top(01)
Mensaje Y / 00:02:05:310 / top(01) / pin_out /    288.00000 para Root(00)
Mensaje D / 00:02:05:310 / top(01) / ... para Root(00)
